<?xml version="1.0" encoding="UTF-8"?>
<testsuite xmlns:xsi="http://www.w3.org/2001/XMLSchema-instance" xsi:noNamespaceSchemaLocation="https://maven.apache.org/surefire/maven-surefire-plugin/xsd/surefire-test-report-3.0.xsd" version="3.0" name="com.luv2code.junitdemo.DemoUtilsTest" time="2.15" tests="10" errors="0" skipped="0" failures="1">
  <properties>
[...]
</properties>
  <testcase name="testNullAndNotNull" classname="com.luv2code.junitdemo.DemoUtilsTest" time="0.055">
    <system-out><![CDATA[Running test: testNullAndNotNull
]]></system-out>
  </testcase>
  <testcase name="This tests shows equality" classname="com.luv2code.junitdemo.DemoUtilsTest" time="0.006">
    <system-out><![CDATA[Running test: testEqualsAndNotEquals
]]></system-out>
  </testcase>
  <testcase name="LinesShouldMatch" classname="com.luv2code.junitdemo.DemoUtilsTest" time="0.006"/>
  <testcase name="testSameAndNotSame" classname="com.luv2code.junitdemo.DemoUtilsTest" time="0.002"/>
  <testcase name="testTrueAndFalse" classname="com.luv2code.junitdemo.DemoUtilsTest" time="0.003"/>
  <testcase name="arrayIsDeeplyEqual" classname="com.luv2code.junitdemo.DemoUtilsTest" time="0.003"/>
  <testcase name="iterableIsDeeplyEqual" classname="com.luv2code.junitdemo.DemoUtilsTest" time="0.002"/>
  <testcase name="testTimeOutAndTimeOutPremptively" classname="com.luv2code.junitdemo.DemoUtilsTest" time="2.013">
    <system-out><![CDATA[I am going to sleep
Sleeping over
]]></system-out>
  </testcase>
  <testcase name="purposlyFailingTest" classname="com.luv2code.junitdemo.DemoUtilsTest" time="0.005">
    <failure type="org.opentest4j.AssertionFailedError"><![CDATA[org.opentest4j.AssertionFailedError: expected: <true> but was: <false>
	at com.luv2code.junitdemo.DemoUtilsTest.purposlyFailingTest(DemoUtilsTest.java:119)
]]></failure>
  </testcase>
  <testcase name="testThrowsAndDoesNotThrow" classname="com.luv2code.junitdemo.DemoUtilsTest" time="0.003"/>
</testsuite>