-------------------------------------------------------------------------------
Test set: com.luv2code.junitdemo.DemoUtilsTest
-------------------------------------------------------------------------------
Tests run: 10, Failures: 1, Errors: 0, Skipped: 0, Time elapsed: 2.15 s <<< FAILURE! - in null
com.luv2code.junitdemo.DemoUtilsTest.purposlyFailingTest  Time elapsed: 0.005 s  <<< FAILURE!
org.opentest4j.AssertionFailedError: expected: <true> but was: <false>
	at com.luv2code.junitdemo.DemoUtilsTest.purposlyFailingTest(DemoUtilsTest.java:119)

